<?xml version="1.0" encoding="UTF-8"?>
<!-- Generated by org.testng.reporters.JUnitReportReporter -->
<testsuite hostname="DESKTOP-4IBND0M" failures="0" tests="3" name="practice.batcexecution" time="0.005" errors="0" timestamp="2023-11-02T10:52:12 IST" skipped="0">
  <testcase classname="practice.batcexecution" name="tc1" time="0.001">
    <system-out>
      <![CDATA[running tc1]]>
    </system-out>
  </testcase> <!-- tc1 -->
  <testcase classname="practice.batcexecution" name="tc2" time="0.002">
    <system-out>
      <![CDATA[runnuning tc2]]>
    </system-out>
  </testcase> <!-- tc2 -->
  <testcase classname="practice.batcexecution" name="tc3" time="0.002">
    <system-out>
      <![CDATA[running tc3]]>
    </system-out>
  </testcase> <!-- tc3 -->
  <system-out>
    <![CDATA[running tc7
running tc8
running tc9
running tc4
running tc5
running tc6
running tc1
runnuning tc2
running tc3]]>
  </system-out>
</testsuite> <!-- practice.batcexecution -->
