<?xml version="1.0" encoding="UTF-8"?>
<!-- Generated by org.testng.reporters.JUnitReportReporter -->
<testsuite hostname="DESKTOP-4IBND0M" failures="0" tests="3" name="practice.batchexecuton3" time="0.011" errors="0" timestamp="2023-11-02T10:52:12 IST" skipped="0">
  <testcase classname="practice.batchexecuton3" name="tc9" time="0.002">
    <system-out>
      <![CDATA[running tc9]]>
    </system-out>
  </testcase> <!-- tc9 -->
  <testcase classname="practice.batchexecuton3" name="tc8" time="0.001">
    <system-out>
      <![CDATA[running tc8]]>
    </system-out>
  </testcase> <!-- tc8 -->
  <testcase classname="practice.batchexecuton3" name="tc7" time="0.008">
    <system-out>
      <![CDATA[running tc7]]>
    </system-out>
  </testcase> <!-- tc7 -->
  <system-out>
    <![CDATA[running tc7
running tc8
running tc9
running tc4
running tc5
running tc6
running tc1
runnuning tc2
running tc3]]>
  </system-out>
</testsuite> <!-- practice.batchexecuton3 -->
