<?xml version="1.0" encoding="UTF-8"?>
<!-- Generated by org.testng.reporters.JUnitReportReporter -->
<testsuite hostname="DESKTOP-4IBND0M" failures="0" tests="3" name="practice.batchexecution2" time="0.004" errors="0" timestamp="2023-11-02T10:52:12 IST" skipped="0">
  <testcase classname="practice.batchexecution2" name="tc5" time="0.001">
    <system-out>
      <![CDATA[running tc5]]>
    </system-out>
  </testcase> <!-- tc5 -->
  <testcase classname="practice.batchexecution2" name="tc6" time="0.001">
    <system-out>
      <![CDATA[running tc6]]>
    </system-out>
  </testcase> <!-- tc6 -->
  <testcase classname="practice.batchexecution2" name="tc4" time="0.002">
    <system-out>
      <![CDATA[running tc4]]>
    </system-out>
  </testcase> <!-- tc4 -->
  <system-out>
    <![CDATA[running tc7
running tc8
running tc9
running tc4
running tc5
running tc6
running tc1
runnuning tc2
running tc3]]>
  </system-out>
</testsuite> <!-- practice.batchexecution2 -->
