<?xml version="1.0" encoding="UTF-8"?>
<!-- Generated by org.testng.reporters.JUnitReportReporter -->
<testsuite hostname="DESKTOP-4IBND0M" failures="0" tests="2" name="testng.enabled" time="0.015" errors="0" timestamp="2023-11-01T10:38:48 IST" skipped="1">
  <testcase classname="testng.enabled" name="a2" time="0.015">
    <system-out>
      <![CDATA[hii]]>
    </system-out>
  </testcase> <!-- a2 -->
  <testcase classname="testng.enabled" name="a1">
    <skipped/>
  </testcase> <!-- a1 -->
  <system-out>
    <![CDATA[hii]]>
  </system-out>
</testsuite> <!-- testng.enabled -->
