<?xml version="1.0" encoding="UTF-8"?>
<!-- Generated by org.testng.reporters.JUnitReportReporter -->
<testsuite hostname="DESKTOP-4IBND0M" failures="0" tests="2" name="testng.loginout" time="0.007" errors="0" timestamp="2023-11-01T11:22:41 IST" skipped="0">
  <testcase classname="testng.loginout" name="a1" time="0.007">
    <system-out>
      <![CDATA[hii login]]>
    </system-out>
  </testcase> <!-- a1 -->
  <testcase classname="testng.loginout" name="a2" time="0.000">
    <system-out>
      <![CDATA[hello logout]]>
    </system-out>
  </testcase> <!-- a2 -->
  <system-out>
    <![CDATA[hii login
hello logout]]>
  </system-out>
</testsuite> <!-- testng.loginout -->
