<?xml version="1.0" encoding="UTF-8"?>
<!-- Generated by org.testng.reporters.JUnitReportReporter -->
<testsuite hostname="DESKTOP-4IBND0M" failures="0" tests="2" name="testng.timeout" time="0.020" errors="0" timestamp="2023-11-01T10:49:55 IST" skipped="0">
  <testcase classname="testng.timeout" name="a1" time="0.011">
    <system-out>
      <![CDATA[i am saadhana]]>
    </system-out>
  </testcase> <!-- a1 -->
  <testcase classname="testng.timeout" name="a2" time="0.009">
    <system-out>
      <![CDATA[hii]]>
    </system-out>
  </testcase> <!-- a2 -->
  <system-out>
    <![CDATA[i am saadhana
hii]]>
  </system-out>
</testsuite> <!-- testng.timeout -->
