<?xml version="1.0" encoding="UTF-8"?>
<!-- Generated by org.testng.reporters.JUnitReportReporter -->
<testsuite hostname="DESKTOP-4IBND0M" failures="0" tests="2" name="testng.priority" time="0.012" errors="0" timestamp="2023-11-01T10:33:14 IST" skipped="0">
  <testcase classname="testng.priority" name="tc2" time="0.010">
    <system-out>
      <![CDATA[running tc2]]>
    </system-out>
  </testcase> <!-- tc2 -->
  <testcase classname="testng.priority" name="tc1" time="0.002">
    <system-out>
      <![CDATA[running tc1]]>
    </system-out>
  </testcase> <!-- tc1 -->
  <system-out>
    <![CDATA[running tc2
running tc1]]>
  </system-out>
</testsuite> <!-- testng.priority -->
