<?xml version="1.0" encoding="UTF-8"?>
<!-- Generated by org.testng.reporters.JUnitReportReporter -->
<testsuite hostname="DESKTOP-4IBND0M" failures="0" tests="1" name="practice.testngannotation" time="0.005" errors="0" timestamp="2023-11-02T22:18:53 IST" skipped="0">
  <testcase classname="practice.testngannotation" name="D" time="0.005">
    <system-out>
      <![CDATA[main test case]]>
    </system-out>
  </testcase> <!-- D -->
  <system-out>
    <![CDATA[database connection
launch the browser
log in to app
main test case
log out the app
Close the browser
database disconnection]]>
  </system-out>
</testsuite> <!-- practice.testngannotation -->
